{"/Users/sudeshnabhushan/monsoonmitra/src/App.jsx": {"path":"/Users/sudeshnabhushan/monsoonmitra/src/App.jsx","statementMap":{"0":{"start":{"line":17,"column":18},"end":{"line":17,"column":null}},"1":{"start":{"line":17,"column":29},"end":{"line":17,"column":null}},"2":{"start":{"line":27,"column":18},"end":{"line":27,"column":null}},"3":{"start":{"line":28,"column":2},"end":{"line":30,"column":null}},"4":{"start":{"line":29,"column":4},"end":{"line":29,"column":null}},"5":{"start":{"line":31,"column":22},"end":{"line":31,"column":null}},"6":{"start":{"line":32,"column":2},"end":{"line":32,"column":null}},"7":{"start":{"line":33,"column":2},"end":{"line":33,"column":null}},"8":{"start":{"line":46,"column":18},"end":{"line":46,"column":null}},"9":{"start":{"line":47,"column":26},"end":{"line":59,"column":null}},"10":{"start":{"line":61,"column":2},"end":{"line":63,"column":null}},"11":{"start":{"line":62,"column":4},"end":{"line":62,"column":null}},"12":{"start":{"line":65,"column":23},"end":{"line":65,"column":null}},"13":{"start":{"line":65,"column":45},"end":{"line":65,"column":64}},"14":{"start":{"line":66,"column":23},"end":{"line":66,"column":null}},"15":{"start":{"line":68,"column":17},"end":{"line":73,"column":null}},"16":{"start":{"line":75,"column":23},"end":{"line":83,"column":null}},"17":{"start":{"line":85,"column":2},"end":{"line":85,"column":null}},"18":{"start":{"line":86,"column":2},"end":{"line":86,"column":null}},"19":{"start":{"line":94,"column":34},"end":{"line":94,"column":null}},"20":{"start":{"line":95,"column":36},"end":{"line":95,"column":null}},"21":{"start":{"line":96,"column":28},"end":{"line":96,"column":null}},"22":{"start":{"line":97,"column":32},"end":{"line":97,"column":null}},"23":{"start":{"line":100,"column":26},"end":{"line":100,"column":null}},"24":{"start":{"line":103,"column":23},"end":{"line":103,"column":null}},"25":{"start":{"line":110,"column":31},"end":{"line":112,"column":null}},"26":{"start":{"line":111,"column":4},"end":{"line":111,"column":null}},"27":{"start":{"line":119,"column":23},"end":{"line":141,"column":null}},"28":{"start":{"line":121,"column":6},"end":{"line":121,"column":null}},"29":{"start":{"line":122,"column":6},"end":{"line":122,"column":null}},"30":{"start":{"line":123,"column":6},"end":{"line":123,"column":null}},"31":{"start":{"line":125,"column":6},"end":{"line":138,"column":null}},"32":{"start":{"line":126,"column":28},"end":{"line":126,"column":null}},"33":{"start":{"line":127,"column":29},"end":{"line":132,"column":null}},"34":{"start":{"line":133,"column":8},"end":{"line":133,"column":null}},"35":{"start":{"line":135,"column":8},"end":{"line":135,"column":null}},"36":{"start":{"line":137,"column":8},"end":{"line":137,"column":null}},"37":{"start":{"line":148,"column":32},"end":{"line":156,"column":null}},"38":{"start":{"line":149,"column":4},"end":{"line":155,"column":null}},"39":{"start":{"line":150,"column":6},"end":{"line":150,"column":null}},"40":{"start":{"line":150,"column":17},"end":{"line":150,"column":null}},"41":{"start":{"line":151,"column":31},"end":{"line":153,"column":null}},"42":{"start":{"line":152,"column":8},"end":{"line":152,"column":null}},"43":{"start":{"line":154,"column":6},"end":{"line":154,"column":null}},"44":{"start":{"line":163,"column":29},"end":{"line":165,"column":null}},"45":{"start":{"line":164,"column":4},"end":{"line":164,"column":null}},"46":{"start":{"line":167,"column":2},"end":{"line":208,"column":null}}},"fnMap":{"0":{"name":"(anonymous_0)","decl":{"start":{"line":17,"column":18},"end":{"line":17,"column":29}},"loc":{"start":{"line":17,"column":29},"end":{"line":17,"column":null}},"line":17},"1":{"name":"getOrFetchWeather","decl":{"start":{"line":26,"column":15},"end":{"line":26,"column":33}},"loc":{"start":{"line":26,"column":56},"end":{"line":34,"column":null}},"line":26},"2":{"name":"getOrGenerateMonsoonPlan","decl":{"start":{"line":45,"column":15},"end":{"line":45,"column":40}},"loc":{"start":{"line":45,"column":86},"end":{"line":87,"column":null}},"line":45},"3":{"name":"(anonymous_3)","decl":{"start":{"line":65,"column":33},"end":{"line":65,"column":39}},"loc":{"start":{"line":65,"column":45},"end":{"line":65,"column":64}},"line":65},"4":{"name":"App","decl":{"start":{"line":93,"column":24},"end":{"line":93,"column":30}},"loc":{"start":{"line":93,"column":30},"end":{"line":210,"column":null}},"line":93},"5":{"name":"(anonymous_5)","decl":{"start":{"line":110,"column":31},"end":{"line":110,"column":44}},"loc":{"start":{"line":110,"column":53},"end":{"line":112,"column":5}},"line":110},"6":{"name":"(anonymous_6)","decl":{"start":{"line":120,"column":4},"end":{"line":120,"column":11}},"loc":{"start":{"line":120,"column":23},"end":{"line":139,"column":null}},"line":120},"7":{"name":"(anonymous_7)","decl":{"start":{"line":148,"column":32},"end":{"line":148,"column":45}},"loc":{"start":{"line":148,"column":55},"end":{"line":156,"column":5}},"line":148},"8":{"name":"(anonymous_8)","decl":{"start":{"line":149,"column":4},"end":{"line":149,"column":16}},"loc":{"start":{"line":149,"column":25},"end":{"line":155,"column":5}},"line":149},"9":{"name":"(anonymous_9)","decl":{"start":{"line":151,"column":46},"end":{"line":151,"column":51}},"loc":{"start":{"line":152,"column":8},"end":{"line":152,"column":null}},"line":152},"10":{"name":"(anonymous_10)","decl":{"start":{"line":163,"column":29},"end":{"line":163,"column":47}},"loc":{"start":{"line":163,"column":47},"end":{"line":165,"column":5}},"line":163}},"branchMap":{"0":{"loc":{"start":{"line":28,"column":2},"end":{"line":30,"column":null}},"type":"if","locations":[{"start":{"line":28,"column":2},"end":{"line":30,"column":null}},{"start":{},"end":{}}],"line":28},"1":{"loc":{"start":{"line":61,"column":2},"end":{"line":63,"column":null}},"type":"if","locations":[{"start":{"line":61,"column":2},"end":{"line":63,"column":null}},{"start":{},"end":{}}],"line":61},"2":{"loc":{"start":{"line":66,"column":23},"end":{"line":66,"column":null}},"type":"cond-expr","locations":[{"start":{"line":66,"column":38},"end":{"line":66,"column":58}},{"start":{"line":66,"column":58},"end":{"line":66,"column":null}}],"line":66},"3":{"loc":{"start":{"line":135,"column":17},"end":{"line":135,"column":81}},"type":"binary-expr","locations":[{"start":{"line":135,"column":17},"end":{"line":135,"column":32}},{"start":{"line":135,"column":32},"end":{"line":135,"column":81}}],"line":135},"4":{"loc":{"start":{"line":150,"column":6},"end":{"line":150,"column":null}},"type":"if","locations":[{"start":{"line":150,"column":6},"end":{"line":150,"column":null}},{"start":{},"end":{}}],"line":150},"5":{"loc":{"start":{"line":152,"column":8},"end":{"line":152,"column":null}},"type":"cond-expr","locations":[{"start":{"line":152,"column":22},"end":{"line":152,"column":54}},{"start":{"line":152,"column":54},"end":{"line":152,"column":null}}],"line":152},"6":{"loc":{"start":{"line":188,"column":11},"end":{"line":188,"column":null}},"type":"binary-expr","locations":[{"start":{"line":188,"column":11},"end":{"line":188,"column":24}},{"start":{"line":188,"column":24},"end":{"line":188,"column":null}}],"line":188},"7":{"loc":{"start":{"line":191,"column":11},"end":{"line":194,"column":null}},"type":"binary-expr","locations":[{"start":{"line":191,"column":11},"end":{"line":191,"column":null}},{"start":{"line":192,"column":12},"end":{"line":194,"column":null}}],"line":191}},"s":{"0":1,"1":1,"2":6,"3":6,"4":1,"5":5,"6":4,"7":4,"8":5,"9":5,"10":5,"11":1,"12":4,"13":4,"14":4,"15":5,"16":3,"17":3,"18":3,"19":21,"20":21,"21":21,"22":21,"23":21,"24":21,"25":21,"26":0,"27":21,"28":6,"29":6,"30":6,"31":6,"32":6,"33":5,"34":4,"35":2,"36":6,"37":21,"38":1,"39":1,"40":0,"41":1,"42":1,"43":1,"44":21,"45":0,"46":21},"f":{"0":1,"1":6,"2":5,"3":4,"4":21,"5":0,"6":6,"7":1,"8":1,"9":1,"10":0},"b":{"0":[1,5],"1":[1,4],"2":[4,0],"3":[2,0],"4":[0,1],"5":[1,0],"6":[21,6],"7":[21,5]},"meta":{"lastBranch":8,"lastFunction":11,"lastStatement":47,"seen":{"s:17:18:17:Infinity":0,"f:17:18:17:29":0,"s:17:29:17:Infinity":1,"f:26:15:26:33":1,"s:27:18:27:Infinity":2,"b:28:2:30:Infinity:undefined:undefined:undefined:undefined":0,"s:28:2:30:Infinity":3,"s:29:4:29:Infinity":4,"s:31:22:31:Infinity":5,"s:32:2:32:Infinity":6,"s:33:2:33:Infinity":7,"f:45:15:45:40":2,"s:46:18:46:Infinity":8,"s:47:26:59:Infinity":9,"b:61:2:63:Infinity:undefined:undefined:undefined:undefined":1,"s:61:2:63:Infinity":10,"s:62:4:62:Infinity":11,"s:65:23:65:Infinity":12,"f:65:33:65:39":3,"s:65:45:65:64":13,"s:66:23:66:Infinity":14,"b:66:38:66:58:66:58:66:Infinity":2,"s:68:17:73:Infinity":15,"s:75:23:83:Infinity":16,"s:85:2:85:Infinity":17,"s:86:2:86:Infinity":18,"f:93:24:93:30":4,"s:94:34:94:Infinity":19,"s:95:36:95:Infinity":20,"s:96:28:96:Infinity":21,"s:97:32:97:Infinity":22,"s:100:26:100:Infinity":23,"s:103:23:103:Infinity":24,"s:110:31:112:Infinity":25,"f:110:31:110:44":5,"s:111:4:111:Infinity":26,"s:119:23:141:Infinity":27,"f:120:4:120:11":6,"s:121:6:121:Infinity":28,"s:122:6:122:Infinity":29,"s:123:6:123:Infinity":30,"s:125:6:138:Infinity":31,"s:126:28:126:Infinity":32,"s:127:29:132:Infinity":33,"s:133:8:133:Infinity":34,"s:135:8:135:Infinity":35,"b:135:17:135:32:135:32:135:81":3,"s:137:8:137:Infinity":36,"s:148:32:156:Infinity":37,"f:148:32:148:45":7,"s:149:4:155:Infinity":38,"f:149:4:149:16":8,"b:150:6:150:Infinity:undefined:undefined:undefined:undefined":4,"s:150:6:150:Infinity":39,"s:150:17:150:Infinity":40,"s:151:31:153:Infinity":41,"f:151:46:151:51":9,"s:152:8:152:Infinity":42,"b:152:22:152:54:152:54:152:Infinity":5,"s:154:6:154:Infinity":43,"s:163:29:165:Infinity":44,"f:163:29:163:47":10,"s:164:4:164:Infinity":45,"s:167:2:208:Infinity":46,"b:188:11:188:24:188:24:188:Infinity":6,"b:191:11:191:Infinity:192:12:194:Infinity":7},"fnNames":{}}}
,"/Users/sudeshnabhushan/monsoonmitra/src/config.js": {"path":"/Users/sudeshnabhushan/monsoonmitra/src/config.js","statementMap":{"0":{"start":{"line":7,"column":33},"end":{"line":7,"column":null}},"1":{"start":{"line":10,"column":32},"end":{"line":10,"column":null}},"2":{"start":{"line":14,"column":2},"end":{"line":14,"column":null}},"3":{"start":{"line":17,"column":30},"end":{"line":17,"column":null}},"4":{"start":{"line":20,"column":34},"end":{"line":20,"column":null}},"5":{"start":{"line":23,"column":29},"end":{"line":23,"column":null}},"6":{"start":{"line":26,"column":31},"end":{"line":26,"column":null}},"7":{"start":{"line":29,"column":31},"end":{"line":29,"column":null}},"8":{"start":{"line":32,"column":31},"end":{"line":32,"column":null}},"9":{"start":{"line":38,"column":32},"end":{"line":41,"column":null}},"10":{"start":{"line":47,"column":25},"end":{"line":54,"column":null}},"11":{"start":{"line":60,"column":32},"end":{"line":67,"column":null}}},"fnMap":{},"branchMap":{},"s":{"0":3,"1":3,"2":3,"3":3,"4":3,"5":3,"6":3,"7":3,"8":3,"9":3,"10":3,"11":3},"f":{},"b":{},"meta":{"lastBranch":0,"lastFunction":0,"lastStatement":12,"seen":{"s:7:33:7:Infinity":0,"s:10:32:10:Infinity":1,"s:14:2:14:Infinity":2,"s:17:30:17:Infinity":3,"s:20:34:20:Infinity":4,"s:23:29:23:Infinity":5,"s:26:31:26:Infinity":6,"s:29:31:29:Infinity":7,"s:32:31:32:Infinity":8,"s:38:32:41:Infinity":9,"s:47:25:54:Infinity":10,"s:60:32:67:Infinity":11},"fnNames":{}}}
,"/Users/sudeshnabhushan/monsoonmitra/src/components/AlertBanner.jsx": {"path":"/Users/sudeshnabhushan/monsoonmitra/src/components/AlertBanner.jsx","statementMap":{"0":{"start":{"line":9,"column":22},"end":{"line":13,"column":null}},"1":{"start":{"line":16,"column":20},"end":{"line":20,"column":null}},"2":{"start":{"line":33,"column":20},"end":{"line":51,"column":null}},"3":{"start":{"line":34,"column":2},"end":{"line":49,"column":null}}},"fnMap":{"0":{"name":"AlertBanner","decl":{"start":{"line":33,"column":34},"end":{"line":33,"column":46}},"loc":{"start":{"line":33,"column":71},"end":{"line":51,"column":1}},"line":33}},"branchMap":{},"s":{"0":1,"1":1,"2":1,"3":4},"f":{"0":4},"b":{},"meta":{"lastBranch":0,"lastFunction":1,"lastStatement":4,"seen":{"s:9:22:13:Infinity":0,"s:16:20:20:Infinity":1,"s:33:20:51:Infinity":2,"f:33:34:33:46":0,"s:34:2:49:Infinity":3},"fnNames":{}}}
,"/Users/sudeshnabhushan/monsoonmitra/src/components/CheckboxItem.jsx": {"path":"/Users/sudeshnabhushan/monsoonmitra/src/components/CheckboxItem.jsx","statementMap":{"0":{"start":{"line":19,"column":21},"end":{"line":37,"column":null}},"1":{"start":{"line":20,"column":2},"end":{"line":35,"column":null}},"2":{"start":{"line":27,"column":25},"end":{"line":27,"column":null}}},"fnMap":{"0":{"name":"CheckboxItem","decl":{"start":{"line":19,"column":35},"end":{"line":19,"column":48}},"loc":{"start":{"line":19,"column":92},"end":{"line":37,"column":1}},"line":19},"1":{"name":"(anonymous_1)","decl":{"start":{"line":27,"column":8},"end":{"line":27,"column":19}},"loc":{"start":{"line":27,"column":25},"end":{"line":27,"column":null}},"line":27}},"branchMap":{"0":{"loc":{"start":{"line":21,"column":53},"end":{"line":21,"column":null}},"type":"cond-expr","locations":[{"start":{"line":21,"column":63},"end":{"line":21,"column":84}},{"start":{"line":21,"column":84},"end":{"line":21,"column":null}}],"line":21},"1":{"loc":{"start":{"line":32,"column":9},"end":{"line":32,"column":null}},"type":"cond-expr","locations":[{"start":{"line":32,"column":19},"end":{"line":32,"column":25}},{"start":{"line":32,"column":25},"end":{"line":32,"column":null}}],"line":32}},"s":{"0":1,"1":174,"2":0},"f":{"0":174,"1":0},"b":{"0":[0,174],"1":[0,174]},"meta":{"lastBranch":2,"lastFunction":2,"lastStatement":3,"seen":{"s:19:21:37:Infinity":0,"f:19:35:19:48":0,"s:20:2:35:Infinity":1,"b:21:63:21:84:21:84:21:Infinity":0,"f:27:8:27:19":1,"s:27:25:27:Infinity":2,"b:32:19:32:25:32:25:32:Infinity":1},"fnNames":{}}}
,"/Users/sudeshnabhushan/monsoonmitra/src/components/Checklist.jsx": {"path":"/Users/sudeshnabhushan/monsoonmitra/src/components/Checklist.jsx","statementMap":{"0":{"start":{"line":16,"column":18},"end":{"line":77,"column":null}},"1":{"start":{"line":18,"column":58},"end":{"line":23,"column":null}},"2":{"start":{"line":19,"column":18},"end":{"line":19,"column":null}},"3":{"start":{"line":20,"column":22},"end":{"line":20,"column":null}},"4":{"start":{"line":20,"column":53},"end":{"line":20,"column":62}},"5":{"start":{"line":21,"column":20},"end":{"line":21,"column":null}},"6":{"start":{"line":22,"column":4},"end":{"line":22,"column":null}},"7":{"start":{"line":25,"column":2},"end":{"line":25,"column":null}},"8":{"start":{"line":25,"column":36},"end":{"line":25,"column":null}},"9":{"start":{"line":27,"column":2},"end":{"line":75,"column":null}},"10":{"start":{"line":57,"column":10},"end":{"line":72,"column":null}},"11":{"start":{"line":64,"column":32},"end":{"line":64,"column":null}}},"fnMap":{"0":{"name":"Checklist","decl":{"start":{"line":16,"column":32},"end":{"line":16,"column":42}},"loc":{"start":{"line":16,"column":63},"end":{"line":77,"column":1}},"line":16},"1":{"name":"(anonymous_1)","decl":{"start":{"line":18,"column":58},"end":{"line":18,"column":72}},"loc":{"start":{"line":18,"column":72},"end":{"line":23,"column":5}},"line":18},"2":{"name":"(anonymous_2)","decl":{"start":{"line":20,"column":36},"end":{"line":20,"column":44}},"loc":{"start":{"line":20,"column":53},"end":{"line":20,"column":62}},"line":20},"3":{"name":"(anonymous_3)","decl":{"start":{"line":56,"column":15},"end":{"line":56,"column":20}},"loc":{"start":{"line":57,"column":10},"end":{"line":72,"column":null}},"line":57},"4":{"name":"(anonymous_4)","decl":{"start":{"line":64,"column":16},"end":{"line":64,"column":32}},"loc":{"start":{"line":64,"column":32},"end":{"line":64,"column":null}},"line":64}},"branchMap":{"0":{"loc":{"start":{"line":19,"column":18},"end":{"line":19,"column":null}},"type":"cond-expr","locations":[{"start":{"line":19,"column":26},"end":{"line":19,"column":41}},{"start":{"line":19,"column":41},"end":{"line":19,"column":null}}],"line":19},"1":{"loc":{"start":{"line":20,"column":22},"end":{"line":20,"column":null}},"type":"cond-expr","locations":[{"start":{"line":20,"column":30},"end":{"line":20,"column":73}},{"start":{"line":20,"column":73},"end":{"line":20,"column":null}}],"line":20},"2":{"loc":{"start":{"line":21,"column":20},"end":{"line":21,"column":null}},"type":"cond-expr","locations":[{"start":{"line":21,"column":33},"end":{"line":21,"column":60}},{"start":{"line":21,"column":60},"end":{"line":21,"column":null}}],"line":21},"3":{"loc":{"start":{"line":25,"column":2},"end":{"line":25,"column":null}},"type":"if","locations":[{"start":{"line":25,"column":2},"end":{"line":25,"column":null}},{"start":{},"end":{}}],"line":25},"4":{"loc":{"start":{"line":25,"column":6},"end":{"line":25,"column":36}},"type":"binary-expr","locations":[{"start":{"line":25,"column":6},"end":{"line":25,"column":16}},{"start":{"line":25,"column":16},"end":{"line":25,"column":36}}],"line":25},"5":{"loc":{"start":{"line":57,"column":59},"end":{"line":57,"column":null}},"type":"cond-expr","locations":[{"start":{"line":57,"column":71},"end":{"line":57,"column":90}},{"start":{"line":57,"column":90},"end":{"line":57,"column":null}}],"line":57},"6":{"loc":{"start":{"line":65,"column":46},"end":{"line":65,"column":null}},"type":"cond-expr","locations":[{"start":{"line":65,"column":58},"end":{"line":65,"column":72}},{"start":{"line":65,"column":72},"end":{"line":65,"column":null}}],"line":65},"7":{"loc":{"start":{"line":68,"column":17},"end":{"line":68,"column":null}},"type":"cond-expr","locations":[{"start":{"line":68,"column":29},"end":{"line":68,"column":35}},{"start":{"line":68,"column":35},"end":{"line":68,"column":null}}],"line":68}},"s":{"0":1,"1":5,"2":5,"3":5,"4":6,"5":5,"6":5,"7":5,"8":0,"9":5,"10":6,"11":1},"f":{"0":5,"1":5,"2":6,"3":6,"4":1},"b":{"0":[5,0],"1":[5,0],"2":[5,0],"3":[0,5],"4":[5,5],"5":[1,5],"6":[1,5],"7":[1,5]},"meta":{"lastBranch":8,"lastFunction":5,"lastStatement":12,"seen":{"s:16:18:77:Infinity":0,"f:16:32:16:42":0,"s:18:58:23:Infinity":1,"f:18:58:18:72":1,"s:19:18:19:Infinity":2,"b:19:26:19:41:19:41:19:Infinity":0,"s:20:22:20:Infinity":3,"b:20:30:20:73:20:73:20:Infinity":1,"f:20:36:20:44":2,"s:20:53:20:62":4,"s:21:20:21:Infinity":5,"b:21:33:21:60:21:60:21:Infinity":2,"s:22:4:22:Infinity":6,"b:25:2:25:Infinity:undefined:undefined:undefined:undefined":3,"s:25:2:25:Infinity":7,"b:25:6:25:16:25:16:25:36":4,"s:25:36:25:Infinity":8,"s:27:2:75:Infinity":9,"f:56:15:56:20":3,"s:57:10:72:Infinity":10,"b:57:71:57:90:57:90:57:Infinity":5,"f:64:16:64:32":4,"s:64:32:64:Infinity":11,"b:65:58:65:72:65:72:65:Infinity":6,"b:68:29:68:35:68:35:68:Infinity":7},"fnNames":{}}}
,"/Users/sudeshnabhushan/monsoonmitra/src/components/Dashboard.jsx": {"path":"/Users/sudeshnabhushan/monsoonmitra/src/components/Dashboard.jsx","statementMap":{"0":{"start":{"line":22,"column":18},"end":{"line":49,"column":null}},"1":{"start":{"line":23,"column":2},"end":{"line":47,"column":null}}},"fnMap":{"0":{"name":"Dashboard","decl":{"start":{"line":22,"column":32},"end":{"line":22,"column":42}},"loc":{"start":{"line":22,"column":74},"end":{"line":49,"column":1}},"line":22}},"branchMap":{},"s":{"0":1,"1":5},"f":{"0":5},"b":{},"meta":{"lastBranch":0,"lastFunction":1,"lastStatement":2,"seen":{"s:22:18:49:Infinity":0,"f:22:32:22:42":0,"s:23:2:47:Infinity":1},"fnNames":{}}}
,"/Users/sudeshnabhushan/monsoonmitra/src/components/ErrorMessage.jsx": {"path":"/Users/sudeshnabhushan/monsoonmitra/src/components/ErrorMessage.jsx","statementMap":{"0":{"start":{"line":15,"column":21},"end":{"line":34,"column":null}},"1":{"start":{"line":16,"column":2},"end":{"line":16,"column":null}},"2":{"start":{"line":16,"column":16},"end":{"line":16,"column":null}},"3":{"start":{"line":18,"column":2},"end":{"line":32,"column":null}}},"fnMap":{"0":{"name":"ErrorMessage","decl":{"start":{"line":15,"column":35},"end":{"line":15,"column":48}},"loc":{"start":{"line":15,"column":72},"end":{"line":34,"column":1}},"line":15}},"branchMap":{"0":{"loc":{"start":{"line":16,"column":2},"end":{"line":16,"column":null}},"type":"if","locations":[{"start":{"line":16,"column":2},"end":{"line":16,"column":null}},{"start":{},"end":{}}],"line":16}},"s":{"0":1,"1":10,"2":8,"3":2},"f":{"0":10},"b":{"0":[8,2]},"meta":{"lastBranch":1,"lastFunction":1,"lastStatement":4,"seen":{"s:15:21:34:Infinity":0,"f:15:35:15:48":0,"b:16:2:16:Infinity:undefined:undefined:undefined:undefined":0,"s:16:2:16:Infinity":1,"s:16:16:16:Infinity":2,"s:18:2:32:Infinity":3},"fnNames":{}}}
,"/Users/sudeshnabhushan/monsoonmitra/src/components/Header.jsx": {"path":"/Users/sudeshnabhushan/monsoonmitra/src/components/Header.jsx","statementMap":{"0":{"start":{"line":18,"column":15},"end":{"line":54,"column":null}},"1":{"start":{"line":19,"column":2},"end":{"line":52,"column":null}},"2":{"start":{"line":39,"column":29},"end":{"line":39,"column":null}},"3":{"start":{"line":45,"column":14},"end":{"line":47,"column":null}}},"fnMap":{"0":{"name":"Header","decl":{"start":{"line":18,"column":29},"end":{"line":18,"column":36}},"loc":{"start":{"line":18,"column":86},"end":{"line":54,"column":1}},"line":18},"1":{"name":"(anonymous_1)","decl":{"start":{"line":39,"column":12},"end":{"line":39,"column":23}},"loc":{"start":{"line":39,"column":29},"end":{"line":39,"column":null}},"line":39},"2":{"name":"(anonymous_2)","decl":{"start":{"line":44,"column":23},"end":{"line":44,"column":28}},"loc":{"start":{"line":45,"column":14},"end":{"line":47,"column":null}},"line":45}},"branchMap":{"0":{"loc":{"start":{"line":18,"column":66},"end":{"line":18,"column":86}},"type":"default-arg","locations":[{"start":{"line":18,"column":77},"end":{"line":18,"column":86}}],"line":18}},"s":{"0":1,"1":20,"2":0,"3":120},"f":{"0":20,"1":0,"2":120},"b":{"0":[20]},"meta":{"lastBranch":1,"lastFunction":3,"lastStatement":4,"seen":{"s:18:15:54:Infinity":0,"f:18:29:18:36":0,"b:18:77:18:86":0,"s:19:2:52:Infinity":1,"f:39:12:39:23":1,"s:39:29:39:Infinity":2,"f:44:23:44:28":2,"s:45:14:47:Infinity":3},"fnNames":{}}}
,"/Users/sudeshnabhushan/monsoonmitra/src/components/InputForm.jsx": {"path":"/Users/sudeshnabhushan/monsoonmitra/src/components/InputForm.jsx","statementMap":{"0":{"start":{"line":19,"column":26},"end":{"line":19,"column":null}},"1":{"start":{"line":20,"column":38},"end":{"line":20,"column":null}},"2":{"start":{"line":21,"column":32},"end":{"line":28,"column":null}},"3":{"start":{"line":29,"column":36},"end":{"line":29,"column":null}},"4":{"start":{"line":37,"column":8},"end":{"line":59,"column":null}},"5":{"start":{"line":38,"column":4},"end":{"line":38,"column":null}},"6":{"start":{"line":39,"column":24},"end":{"line":39,"column":null}},"7":{"start":{"line":41,"column":4},"end":{"line":44,"column":null}},"8":{"start":{"line":42,"column":6},"end":{"line":42,"column":null}},"9":{"start":{"line":43,"column":6},"end":{"line":43,"column":null}},"10":{"start":{"line":46,"column":4},"end":{"line":49,"column":null}},"11":{"start":{"line":47,"column":6},"end":{"line":47,"column":null}},"12":{"start":{"line":48,"column":6},"end":{"line":48,"column":null}},"13":{"start":{"line":51,"column":30},"end":{"line":51,"column":null}},"14":{"start":{"line":53,"column":4},"end":{"line":53,"column":null}},"15":{"start":{"line":54,"column":4},"end":{"line":58,"column":null}},"16":{"start":{"line":65,"column":8},"end":{"line":69,"column":null}},"17":{"start":{"line":66,"column":18},"end":{"line":66,"column":null}},"18":{"start":{"line":67,"column":4},"end":{"line":67,"column":null}},"19":{"start":{"line":68,"column":4},"end":{"line":68,"column":null}},"20":{"start":{"line":68,"column":19},"end":{"line":68,"column":null}},"21":{"start":{"line":75,"column":8},"end":{"line":84,"column":null}},"22":{"start":{"line":76,"column":19},"end":{"line":76,"column":null}},"23":{"start":{"line":77,"column":4},"end":{"line":83,"column":null}},"24":{"start":{"line":78,"column":6},"end":{"line":78,"column":null}},"25":{"start":{"line":79,"column":11},"end":{"line":83,"column":null}},"26":{"start":{"line":80,"column":6},"end":{"line":80,"column":null}},"27":{"start":{"line":82,"column":6},"end":{"line":82,"column":null}},"28":{"start":{"line":90,"column":30},"end":{"line":95,"column":null}},"29":{"start":{"line":91,"column":4},"end":{"line":94,"column":null}},"30":{"start":{"line":91,"column":26},"end":{"line":94,"column":6}},"31":{"start":{"line":97,"column":2},"end":{"line":183,"column":null}},"32":{"start":{"line":154,"column":12},"end":{"line":161,"column":null}},"33":{"start":{"line":159,"column":35},"end":{"line":159,"column":null}}},"fnMap":{"0":{"name":"InputForm","decl":{"start":{"line":18,"column":24},"end":{"line":18,"column":34}},"loc":{"start":{"line":18,"column":59},"end":{"line":185,"column":null}},"line":18},"1":{"name":"(anonymous_1)","decl":{"start":{"line":37,"column":8},"end":{"line":37,"column":24}},"loc":{"start":{"line":37,"column":30},"end":{"line":59,"column":null}},"line":37},"2":{"name":"(anonymous_2)","decl":{"start":{"line":65,"column":8},"end":{"line":65,"column":28}},"loc":{"start":{"line":65,"column":34},"end":{"line":69,"column":null}},"line":65},"3":{"name":"(anonymous_3)","decl":{"start":{"line":75,"column":8},"end":{"line":75,"column":34}},"loc":{"start":{"line":75,"column":40},"end":{"line":84,"column":null}},"line":75},"4":{"name":"(anonymous_4)","decl":{"start":{"line":90,"column":30},"end":{"line":90,"column":43}},"loc":{"start":{"line":90,"column":58},"end":{"line":95,"column":5}},"line":90},"5":{"name":"(anonymous_5)","decl":{"start":{"line":91,"column":4},"end":{"line":91,"column":16}},"loc":{"start":{"line":91,"column":26},"end":{"line":94,"column":6}},"line":91},"6":{"name":"(anonymous_6)","decl":{"start":{"line":153,"column":28},"end":{"line":153,"column":33}},"loc":{"start":{"line":154,"column":12},"end":{"line":161,"column":null}},"line":154},"7":{"name":"(anonymous_7)","decl":{"start":{"line":159,"column":14},"end":{"line":159,"column":25}},"loc":{"start":{"line":159,"column":35},"end":{"line":159,"column":null}},"line":159}},"branchMap":{"0":{"loc":{"start":{"line":41,"column":4},"end":{"line":44,"column":null}},"type":"if","locations":[{"start":{"line":41,"column":4},"end":{"line":44,"column":null}},{"start":{},"end":{}}],"line":41},"1":{"loc":{"start":{"line":46,"column":4},"end":{"line":49,"column":null}},"type":"if","locations":[{"start":{"line":46,"column":4},"end":{"line":49,"column":null}},{"start":{},"end":{}}],"line":46},"2":{"loc":{"start":{"line":68,"column":4},"end":{"line":68,"column":null}},"type":"if","locations":[{"start":{"line":68,"column":4},"end":{"line":68,"column":null}},{"start":{},"end":{}}],"line":68},"3":{"loc":{"start":{"line":77,"column":4},"end":{"line":83,"column":null}},"type":"if","locations":[{"start":{"line":77,"column":4},"end":{"line":83,"column":null}},{"start":{"line":79,"column":11},"end":{"line":83,"column":null}}],"line":77},"4":{"loc":{"start":{"line":77,"column":8},"end":{"line":77,"column":58}},"type":"binary-expr","locations":[{"start":{"line":77,"column":8},"end":{"line":77,"column":32}},{"start":{"line":77,"column":32},"end":{"line":77,"column":58}}],"line":77},"5":{"loc":{"start":{"line":79,"column":11},"end":{"line":83,"column":null}},"type":"if","locations":[{"start":{"line":79,"column":11},"end":{"line":83,"column":null}},{"start":{"line":81,"column":11},"end":{"line":83,"column":null}}],"line":79},"6":{"loc":{"start":{"line":114,"column":39},"end":{"line":114,"column":null}},"type":"cond-expr","locations":[{"start":{"line":114,"column":51},"end":{"line":114,"column":72}},{"start":{"line":114,"column":72},"end":{"line":114,"column":null}}],"line":114},"7":{"loc":{"start":{"line":121,"column":32},"end":{"line":121,"column":null}},"type":"cond-expr","locations":[{"start":{"line":121,"column":44},"end":{"line":121,"column":59}},{"start":{"line":121,"column":59},"end":{"line":121,"column":null}}],"line":121},"8":{"loc":{"start":{"line":125,"column":13},"end":{"line":128,"column":null}},"type":"binary-expr","locations":[{"start":{"line":125,"column":13},"end":{"line":125,"column":null}},{"start":{"line":126,"column":14},"end":{"line":128,"column":null}}],"line":125},"9":{"loc":{"start":{"line":171,"column":11},"end":{"line":179,"column":null}},"type":"cond-expr","locations":[{"start":{"line":172,"column":12},"end":{"line":177,"column":null}},{"start":{"line":177,"column":12},"end":{"line":179,"column":null}}],"line":171}},"s":{"0":29,"1":29,"2":29,"3":29,"4":29,"5":8,"6":8,"7":8,"8":2,"9":2,"10":6,"11":0,"12":0,"13":6,"14":6,"15":6,"16":29,"17":6,"18":6,"19":6,"20":0,"21":29,"22":0,"23":0,"24":0,"25":0,"26":0,"27":0,"28":29,"29":0,"30":0,"31":29,"32":174,"33":0},"f":{"0":29,"1":8,"2":6,"3":0,"4":0,"5":0,"6":174,"7":0},"b":{"0":[2,6],"1":[0,6],"2":[0,6],"3":[0,0],"4":[0,0],"5":[0,0],"6":[2,27],"7":[2,27],"8":[29,2],"9":[6,23]},"meta":{"lastBranch":10,"lastFunction":8,"lastStatement":34,"seen":{"f:18:24:18:34":0,"s:19:26:19:Infinity":0,"s:20:38:20:Infinity":1,"s:21:32:28:Infinity":2,"s:29:36:29:Infinity":3,"s:37:8:59:Infinity":4,"f:37:8:37:24":1,"s:38:4:38:Infinity":5,"s:39:24:39:Infinity":6,"b:41:4:44:Infinity:undefined:undefined:undefined:undefined":0,"s:41:4:44:Infinity":7,"s:42:6:42:Infinity":8,"s:43:6:43:Infinity":9,"b:46:4:49:Infinity:undefined:undefined:undefined:undefined":1,"s:46:4:49:Infinity":10,"s:47:6:47:Infinity":11,"s:48:6:48:Infinity":12,"s:51:30:51:Infinity":13,"s:53:4:53:Infinity":14,"s:54:4:58:Infinity":15,"s:65:8:69:Infinity":16,"f:65:8:65:28":2,"s:66:18:66:Infinity":17,"s:67:4:67:Infinity":18,"b:68:4:68:Infinity:undefined:undefined:undefined:undefined":2,"s:68:4:68:Infinity":19,"s:68:19:68:Infinity":20,"s:75:8:84:Infinity":21,"f:75:8:75:34":3,"s:76:19:76:Infinity":22,"b:77:4:83:Infinity:79:11:83:Infinity":3,"s:77:4:83:Infinity":23,"b:77:8:77:32:77:32:77:58":4,"s:78:6:78:Infinity":24,"b:79:11:83:Infinity:81:11:83:Infinity":5,"s:79:11:83:Infinity":25,"s:80:6:80:Infinity":26,"s:82:6:82:Infinity":27,"s:90:30:95:Infinity":28,"f:90:30:90:43":4,"s:91:4:94:Infinity":29,"f:91:4:91:16":5,"s:91:26:94:6":30,"s:97:2:183:Infinity":31,"b:114:51:114:72:114:72:114:Infinity":6,"b:121:44:121:59:121:59:121:Infinity":7,"b:125:13:125:Infinity:126:14:128:Infinity":8,"f:153:28:153:33":6,"s:154:12:161:Infinity":32,"f:159:14:159:25":7,"s:159:35:159:Infinity":33,"b:172:12:177:Infinity:177:12:179:Infinity":9},"fnNames":{}}}
,"/Users/sudeshnabhushan/monsoonmitra/src/components/LoadingSpinner.jsx": {"path":"/Users/sudeshnabhushan/monsoonmitra/src/components/LoadingSpinner.jsx","statementMap":{"0":{"start":{"line":10,"column":2},"end":{"line":26,"column":null}}},"fnMap":{"0":{"name":"LoadingSpinner","decl":{"start":{"line":9,"column":24},"end":{"line":9,"column":41}},"loc":{"start":{"line":9,"column":41},"end":{"line":28,"column":null}},"line":9}},"branchMap":{},"s":{"0":7},"f":{"0":7},"b":{},"meta":{"lastBranch":0,"lastFunction":1,"lastStatement":1,"seen":{"f:9:24:9:41":0,"s:10:2:26:Infinity":0},"fnNames":{}}}
,"/Users/sudeshnabhushan/monsoonmitra/src/components/PreparednessPanel.jsx": {"path":"/Users/sudeshnabhushan/monsoonmitra/src/components/PreparednessPanel.jsx","statementMap":{"0":{"start":{"line":15,"column":26},"end":{"line":38,"column":null}},"1":{"start":{"line":16,"column":2},"end":{"line":16,"column":null}},"2":{"start":{"line":16,"column":34},"end":{"line":16,"column":null}},"3":{"start":{"line":18,"column":2},"end":{"line":36,"column":null}},"4":{"start":{"line":28,"column":10},"end":{"line":33,"column":null}}},"fnMap":{"0":{"name":"PreparednessPanel","decl":{"start":{"line":15,"column":40},"end":{"line":15,"column":58}},"loc":{"start":{"line":15,"column":68},"end":{"line":38,"column":1}},"line":15},"1":{"name":"(anonymous_1)","decl":{"start":{"line":27,"column":14},"end":{"line":27,"column":19}},"loc":{"start":{"line":28,"column":10},"end":{"line":33,"column":null}},"line":28}},"branchMap":{"0":{"loc":{"start":{"line":16,"column":2},"end":{"line":16,"column":null}},"type":"if","locations":[{"start":{"line":16,"column":2},"end":{"line":16,"column":null}},{"start":{},"end":{}}],"line":16},"1":{"loc":{"start":{"line":16,"column":6},"end":{"line":16,"column":34}},"type":"binary-expr","locations":[{"start":{"line":16,"column":6},"end":{"line":16,"column":15}},{"start":{"line":16,"column":15},"end":{"line":16,"column":34}}],"line":16}},"s":{"0":1,"1":4,"2":0,"3":4,"4":5},"f":{"0":4,"1":5},"b":{"0":[0,4],"1":[4,4]},"meta":{"lastBranch":2,"lastFunction":2,"lastStatement":5,"seen":{"s:15:26:38:Infinity":0,"f:15:40:15:58":0,"b:16:2:16:Infinity:undefined:undefined:undefined:undefined":0,"s:16:2:16:Infinity":1,"b:16:6:16:15:16:15:16:34":1,"s:16:34:16:Infinity":2,"s:18:2:36:Infinity":3,"f:27:14:27:19":1,"s:28:10:33:Infinity":4},"fnNames":{}}}
,"/Users/sudeshnabhushan/monsoonmitra/src/components/SafetyGuide.jsx": {"path":"/Users/sudeshnabhushan/monsoonmitra/src/components/SafetyGuide.jsx","statementMap":{"0":{"start":{"line":9,"column":20},"end":{"line":13,"column":null}},"1":{"start":{"line":22,"column":20},"end":{"line":79,"column":null}},"2":{"start":{"line":23,"column":36},"end":{"line":23,"column":null}},"3":{"start":{"line":25,"column":2},"end":{"line":25,"column":null}},"4":{"start":{"line":25,"column":15},"end":{"line":25,"column":null}},"5":{"start":{"line":27,"column":21},"end":{"line":27,"column":null}},"6":{"start":{"line":29,"column":2},"end":{"line":77,"column":null}},"7":{"start":{"line":41,"column":10},"end":{"line":51,"column":null}},"8":{"start":{"line":46,"column":27},"end":{"line":46,"column":null}},"9":{"start":{"line":65,"column":14},"end":{"line":70,"column":null}}},"fnMap":{"0":{"name":"SafetyGuide","decl":{"start":{"line":22,"column":34},"end":{"line":22,"column":46}},"loc":{"start":{"line":22,"column":58},"end":{"line":79,"column":1}},"line":22},"1":{"name":"(anonymous_1)","decl":{"start":{"line":40,"column":21},"end":{"line":40,"column":26}},"loc":{"start":{"line":41,"column":10},"end":{"line":51,"column":null}},"line":41},"2":{"name":"(anonymous_2)","decl":{"start":{"line":46,"column":12},"end":{"line":46,"column":27}},"loc":{"start":{"line":46,"column":27},"end":{"line":46,"column":null}},"line":46},"3":{"name":"(anonymous_3)","decl":{"start":{"line":64,"column":24},"end":{"line":64,"column":29}},"loc":{"start":{"line":65,"column":14},"end":{"line":70,"column":null}},"line":65}},"branchMap":{"0":{"loc":{"start":{"line":25,"column":2},"end":{"line":25,"column":null}},"type":"if","locations":[{"start":{"line":25,"column":2},"end":{"line":25,"column":null}},{"start":{},"end":{}}],"line":25},"1":{"loc":{"start":{"line":27,"column":21},"end":{"line":27,"column":null}},"type":"binary-expr","locations":[{"start":{"line":27,"column":21},"end":{"line":27,"column":42}},{"start":{"line":27,"column":42},"end":{"line":27,"column":null}}],"line":27},"2":{"loc":{"start":{"line":45,"column":34},"end":{"line":45,"column":null}},"type":"cond-expr","locations":[{"start":{"line":45,"column":58},"end":{"line":45,"column":73}},{"start":{"line":45,"column":73},"end":{"line":45,"column":null}}],"line":45},"3":{"loc":{"start":{"line":62,"column":9},"end":{"line":74,"column":null}},"type":"cond-expr","locations":[{"start":{"line":63,"column":10},"end":{"line":74,"column":11}},{"start":{"line":74,"column":10},"end":{"line":74,"column":null}}],"line":62}},"s":{"0":1,"1":1,"2":4,"3":4,"4":0,"5":4,"6":4,"7":12,"8":0,"9":2},"f":{"0":4,"1":12,"2":0,"3":2},"b":{"0":[0,4],"1":[4,0],"2":[4,8],"3":[2,2]},"meta":{"lastBranch":4,"lastFunction":4,"lastStatement":10,"seen":{"s:9:20:13:Infinity":0,"s:22:20:79:Infinity":1,"f:22:34:22:46":0,"s:23:36:23:Infinity":2,"b:25:2:25:Infinity:undefined:undefined:undefined:undefined":0,"s:25:2:25:Infinity":3,"s:25:15:25:Infinity":4,"s:27:21:27:Infinity":5,"b:27:21:27:42:27:42:27:Infinity":1,"s:29:2:77:Infinity":6,"f:40:21:40:26":1,"s:41:10:51:Infinity":7,"b:45:58:45:73:45:73:45:Infinity":2,"f:46:12:46:27":2,"s:46:27:46:Infinity":8,"b:63:10:74:11:74:10:74:Infinity":3,"f:64:24:64:29":3,"s:65:14:70:Infinity":9},"fnNames":{}}}
,"/Users/sudeshnabhushan/monsoonmitra/src/components/TravelAdvisory.jsx": {"path":"/Users/sudeshnabhushan/monsoonmitra/src/components/TravelAdvisory.jsx","statementMap":{"0":{"start":{"line":17,"column":23},"end":{"line":61,"column":null}},"1":{"start":{"line":18,"column":2},"end":{"line":18,"column":null}},"2":{"start":{"line":18,"column":42},"end":{"line":18,"column":null}},"3":{"start":{"line":20,"column":21},"end":{"line":20,"column":null}},"4":{"start":{"line":21,"column":22},"end":{"line":21,"column":null}},"5":{"start":{"line":22,"column":21},"end":{"line":22,"column":null}},"6":{"start":{"line":24,"column":2},"end":{"line":59,"column":null}},"7":{"start":{"line":34,"column":25},"end":{"line":34,"column":null}},"8":{"start":{"line":35,"column":23},"end":{"line":35,"column":null}},"9":{"start":{"line":36,"column":23},"end":{"line":36,"column":null}},"10":{"start":{"line":38,"column":10},"end":{"line":55,"column":null}}},"fnMap":{"0":{"name":"TravelAdvisory","decl":{"start":{"line":17,"column":37},"end":{"line":17,"column":52}},"loc":{"start":{"line":17,"column":76},"end":{"line":61,"column":1}},"line":17},"1":{"name":"(anonymous_1)","decl":{"start":{"line":33,"column":18},"end":{"line":33,"column":23}},"loc":{"start":{"line":33,"column":40},"end":{"line":57,"column":9}},"line":33}},"branchMap":{"0":{"loc":{"start":{"line":18,"column":2},"end":{"line":18,"column":null}},"type":"if","locations":[{"start":{"line":18,"column":2},"end":{"line":18,"column":null}},{"start":{},"end":{}}],"line":18},"1":{"loc":{"start":{"line":18,"column":6},"end":{"line":18,"column":42}},"type":"binary-expr","locations":[{"start":{"line":18,"column":6},"end":{"line":18,"column":19}},{"start":{"line":18,"column":19},"end":{"line":18,"column":42}}],"line":18},"2":{"loc":{"start":{"line":20,"column":21},"end":{"line":20,"column":null}},"type":"binary-expr","locations":[{"start":{"line":20,"column":21},"end":{"line":20,"column":59}},{"start":{"line":20,"column":59},"end":{"line":20,"column":null}}],"line":20},"3":{"loc":{"start":{"line":21,"column":22},"end":{"line":21,"column":null}},"type":"binary-expr","locations":[{"start":{"line":21,"column":22},"end":{"line":21,"column":72}},{"start":{"line":21,"column":72},"end":{"line":21,"column":null}}],"line":21},"4":{"loc":{"start":{"line":22,"column":21},"end":{"line":22,"column":null}},"type":"binary-expr","locations":[{"start":{"line":22,"column":21},"end":{"line":22,"column":60}},{"start":{"line":22,"column":60},"end":{"line":22,"column":null}}],"line":22},"5":{"loc":{"start":{"line":34,"column":25},"end":{"line":34,"column":null}},"type":"binary-expr","locations":[{"start":{"line":34,"column":25},"end":{"line":34,"column":46}},{"start":{"line":34,"column":46},"end":{"line":34,"column":null}}],"line":34},"6":{"loc":{"start":{"line":35,"column":23},"end":{"line":35,"column":null}},"type":"binary-expr","locations":[{"start":{"line":35,"column":23},"end":{"line":35,"column":45}},{"start":{"line":35,"column":45},"end":{"line":35,"column":null}}],"line":35},"7":{"loc":{"start":{"line":36,"column":23},"end":{"line":36,"column":null}},"type":"binary-expr","locations":[{"start":{"line":36,"column":23},"end":{"line":36,"column":44}},{"start":{"line":36,"column":44},"end":{"line":36,"column":null}}],"line":36},"8":{"loc":{"start":{"line":44,"column":24},"end":{"line":44,"column":null}},"type":"cond-expr","locations":[{"start":{"line":44,"column":53},"end":{"line":44,"column":80}},{"start":{"line":44,"column":80},"end":{"line":44,"column":null}}],"line":44},"9":{"loc":{"start":{"line":47,"column":25},"end":{"line":47,"column":null}},"type":"cond-expr","locations":[{"start":{"line":47,"column":52},"end":{"line":47,"column":65}},{"start":{"line":47,"column":65},"end":{"line":47,"column":null}}],"line":47},"10":{"loc":{"start":{"line":50,"column":24},"end":{"line":50,"column":null}},"type":"cond-expr","locations":[{"start":{"line":50,"column":51},"end":{"line":50,"column":78}},{"start":{"line":50,"column":78},"end":{"line":50,"column":null}}],"line":50}},"s":{"0":1,"1":4,"2":2,"3":2,"4":4,"5":4,"6":4,"7":2,"8":2,"9":2,"10":2},"f":{"0":4,"1":2},"b":{"0":[2,2],"1":[4,4],"2":[2,0],"3":[4,1],"4":[4,1],"5":[2,0],"6":[2,1],"7":[2,1],"8":[2,0],"9":[1,1],"10":[1,1]},"meta":{"lastBranch":11,"lastFunction":2,"lastStatement":11,"seen":{"s:17:23:61:Infinity":0,"f:17:37:17:52":0,"b:18:2:18:Infinity:undefined:undefined:undefined:undefined":0,"s:18:2:18:Infinity":1,"b:18:6:18:19:18:19:18:42":1,"s:18:42:18:Infinity":2,"s:20:21:20:Infinity":3,"b:20:21:20:59:20:59:20:Infinity":2,"s:21:22:21:Infinity":4,"b:21:22:21:72:21:72:21:Infinity":3,"s:22:21:22:Infinity":5,"b:22:21:22:60:22:60:22:Infinity":4,"s:24:2:59:Infinity":6,"f:33:18:33:23":1,"s:34:25:34:Infinity":7,"b:34:25:34:46:34:46:34:Infinity":5,"s:35:23:35:Infinity":8,"b:35:23:35:45:35:45:35:Infinity":6,"s:36:23:36:Infinity":9,"b:36:23:36:44:36:44:36:Infinity":7,"s:38:10:55:Infinity":10,"b:44:53:44:80:44:80:44:Infinity":8,"b:47:52:47:65:47:65:47:Infinity":9,"b:50:51:50:78:50:78:50:Infinity":10},"fnNames":{}}}
,"/Users/sudeshnabhushan/monsoonmitra/src/services/aiService.js": {"path":"/Users/sudeshnabhushan/monsoonmitra/src/services/aiService.js","statementMap":{"0":{"start":{"line":16,"column":2},"end":{"line":16,"column":null}},"1":{"start":{"line":31,"column":15},"end":{"line":42,"column":null}},"2":{"start":{"line":46,"column":2},"end":{"line":48,"column":null}},"3":{"start":{"line":47,"column":4},"end":{"line":47,"column":null}},"4":{"start":{"line":50,"column":2},"end":{"line":50,"column":null}},"5":{"start":{"line":60,"column":16},"end":{"line":60,"column":null}},"6":{"start":{"line":61,"column":2},"end":{"line":65,"column":null}},"7":{"start":{"line":62,"column":4},"end":{"line":62,"column":null}},"8":{"start":{"line":63,"column":9},"end":{"line":65,"column":null}},"9":{"start":{"line":64,"column":4},"end":{"line":64,"column":null}},"10":{"start":{"line":66,"column":2},"end":{"line":68,"column":null}},"11":{"start":{"line":67,"column":4},"end":{"line":67,"column":null}},"12":{"start":{"line":69,"column":2},"end":{"line":69,"column":null}},"13":{"start":{"line":80,"column":15},"end":{"line":80,"column":null}},"14":{"start":{"line":83,"column":15},"end":{"line":83,"column":null}},"15":{"start":{"line":84,"column":25},"end":{"line":89,"column":null}},"16":{"start":{"line":85,"column":41},"end":{"line":88,"column":8}},"17":{"start":{"line":92,"column":23},"end":{"line":92,"column":null}},"18":{"start":{"line":93,"column":20},"end":{"line":99,"column":null}},"19":{"start":{"line":94,"column":19},"end":{"line":94,"column":null}},"20":{"start":{"line":95,"column":4},"end":{"line":98,"column":null}},"21":{"start":{"line":102,"column":22},"end":{"line":102,"column":null}},"22":{"start":{"line":103,"column":17},"end":{"line":107,"column":null}},"23":{"start":{"line":110,"column":2},"end":{"line":119,"column":null}},"24":{"start":{"line":118,"column":4},"end":{"line":118,"column":null}},"25":{"start":{"line":121,"column":2},"end":{"line":121,"column":null}},"26":{"start":{"line":134,"column":21},"end":{"line":134,"column":null}},"27":{"start":{"line":135,"column":20},"end":{"line":135,"column":null}},"28":{"start":{"line":135,"column":37},"end":{"line":135,"column":57}},"29":{"start":{"line":137,"column":2},"end":{"line":178,"column":null}},"30":{"start":{"line":138,"column":21},"end":{"line":157,"column":null}},"31":{"start":{"line":159,"column":4},"end":{"line":164,"column":null}},"32":{"start":{"line":160,"column":24},"end":{"line":160,"column":null}},"33":{"start":{"line":160,"column":59},"end":{"line":160,"column":62}},"34":{"start":{"line":161,"column":6},"end":{"line":163,"column":null}},"35":{"start":{"line":166,"column":17},"end":{"line":166,"column":null}},"36":{"start":{"line":167,"column":20},"end":{"line":167,"column":null}},"37":{"start":{"line":169,"column":4},"end":{"line":171,"column":null}},"38":{"start":{"line":170,"column":6},"end":{"line":170,"column":null}},"39":{"start":{"line":173,"column":24},"end":{"line":173,"column":null}},"40":{"start":{"line":174,"column":19},"end":{"line":174,"column":null}},"41":{"start":{"line":175,"column":4},"end":{"line":175,"column":null}},"42":{"start":{"line":177,"column":4},"end":{"line":177,"column":null}},"43":{"start":{"line":192,"column":2},"end":{"line":196,"column":null}},"44":{"start":{"line":193,"column":4},"end":{"line":195,"column":null}},"45":{"start":{"line":198,"column":2},"end":{"line":218,"column":null}},"46":{"start":{"line":200,"column":4},"end":{"line":200,"column":null}},"47":{"start":{"line":203,"column":4},"end":{"line":209,"column":null}},"48":{"start":{"line":208,"column":6},"end":{"line":208,"column":null}},"49":{"start":{"line":212,"column":4},"end":{"line":217,"column":null}},"50":{"start":{"line":213,"column":6},"end":{"line":213,"column":null}},"51":{"start":{"line":216,"column":6},"end":{"line":216,"column":null}}},"fnMap":{"0":{"name":"buildSystemPrompt","decl":{"start":{"line":15,"column":9},"end":{"line":15,"column":27}},"loc":{"start":{"line":15,"column":41},"end":{"line":20,"column":null}},"line":15},"1":{"name":"buildUserPrompt","decl":{"start":{"line":30,"column":9},"end":{"line":30,"column":25}},"loc":{"start":{"line":30,"column":71},"end":{"line":51,"column":null}},"line":30},"2":{"name":"stripJsonFences","decl":{"start":{"line":59,"column":16},"end":{"line":59,"column":32}},"loc":{"start":{"line":59,"column":38},"end":{"line":70,"column":null}},"line":59},"3":{"name":"validatePlan","decl":{"start":{"line":79,"column":16},"end":{"line":79,"column":29}},"loc":{"start":{"line":79,"column":37},"end":{"line":122,"column":null}},"line":79},"4":{"name":"(anonymous_4)","decl":{"start":{"line":85,"column":26},"end":{"line":85,"column":31}},"loc":{"start":{"line":85,"column":41},"end":{"line":88,"column":8}},"line":85},"5":{"name":"(anonymous_5)","decl":{"start":{"line":93,"column":33},"end":{"line":93,"column":38}},"loc":{"start":{"line":93,"column":47},"end":{"line":99,"column":3}},"line":93},"6":{"name":"executeApiCall","decl":{"start":{"line":133,"column":15},"end":{"line":133,"column":30}},"loc":{"start":{"line":133,"column":90},"end":{"line":179,"column":null}},"line":133},"7":{"name":"(anonymous_7)","decl":{"start":{"line":135,"column":20},"end":{"line":135,"column":37}},"loc":{"start":{"line":135,"column":37},"end":{"line":135,"column":57}},"line":135},"8":{"name":"(anonymous_8)","decl":{"start":{"line":160,"column":46},"end":{"line":160,"column":59}},"loc":{"start":{"line":160,"column":59},"end":{"line":160,"column":62}},"line":160},"9":{"name":"generateMonsoonPlan","decl":{"start":{"line":191,"column":22},"end":{"line":191,"column":42}},"loc":{"start":{"line":191,"column":85},"end":{"line":219,"column":null}},"line":191}},"branchMap":{"0":{"loc":{"start":{"line":30,"column":54},"end":{"line":30,"column":71}},"type":"default-arg","locations":[{"start":{"line":30,"column":64},"end":{"line":30,"column":71}}],"line":30},"1":{"loc":{"start":{"line":37,"column":21},"end":{"line":37,"column":null}},"type":"cond-expr","locations":[{"start":{"line":37,"column":42},"end":{"line":37,"column":50}},{"start":{"line":37,"column":50},"end":{"line":37,"column":null}}],"line":37},"2":{"loc":{"start":{"line":38,"column":14},"end":{"line":38,"column":null}},"type":"cond-expr","locations":[{"start":{"line":38,"column":36},"end":{"line":38,"column":44}},{"start":{"line":38,"column":44},"end":{"line":38,"column":null}}],"line":38},"3":{"loc":{"start":{"line":39,"column":10},"end":{"line":39,"column":null}},"type":"cond-expr","locations":[{"start":{"line":39,"column":28},"end":{"line":39,"column":36}},{"start":{"line":39,"column":36},"end":{"line":39,"column":null}}],"line":39},"4":{"loc":{"start":{"line":40,"column":17},"end":{"line":40,"column":null}},"type":"cond-expr","locations":[{"start":{"line":40,"column":41},"end":{"line":40,"column":49}},{"start":{"line":40,"column":49},"end":{"line":40,"column":null}}],"line":40},"5":{"loc":{"start":{"line":41,"column":9},"end":{"line":41,"column":null}},"type":"cond-expr","locations":[{"start":{"line":41,"column":26},"end":{"line":41,"column":34}},{"start":{"line":41,"column":34},"end":{"line":41,"column":null}}],"line":41},"6":{"loc":{"start":{"line":42,"column":23},"end":{"line":42,"column":null}},"type":"cond-expr","locations":[{"start":{"line":42,"column":47},"end":{"line":42,"column":55}},{"start":{"line":42,"column":55},"end":{"line":42,"column":null}}],"line":42},"7":{"loc":{"start":{"line":46,"column":2},"end":{"line":48,"column":null}},"type":"if","locations":[{"start":{"line":46,"column":2},"end":{"line":48,"column":null}},{"start":{},"end":{}}],"line":46},"8":{"loc":{"start":{"line":61,"column":2},"end":{"line":65,"column":null}},"type":"if","locations":[{"start":{"line":61,"column":2},"end":{"line":65,"column":null}},{"start":{"line":63,"column":9},"end":{"line":65,"column":null}}],"line":61},"9":{"loc":{"start":{"line":63,"column":9},"end":{"line":65,"column":null}},"type":"if","locations":[{"start":{"line":63,"column":9},"end":{"line":65,"column":null}},{"start":{},"end":{}}],"line":63},"10":{"loc":{"start":{"line":66,"column":2},"end":{"line":68,"column":null}},"type":"if","locations":[{"start":{"line":66,"column":2},"end":{"line":68,"column":null}},{"start":{},"end":{}}],"line":66},"11":{"loc":{"start":{"line":80,"column":15},"end":{"line":80,"column":null}},"type":"binary-expr","locations":[{"start":{"line":80,"column":15},"end":{"line":80,"column":25}},{"start":{"line":80,"column":25},"end":{"line":80,"column":null}}],"line":80},"12":{"loc":{"start":{"line":83,"column":15},"end":{"line":83,"column":null}},"type":"cond-expr","locations":[{"start":{"line":83,"column":42},"end":{"line":83,"column":66}},{"start":{"line":83,"column":66},"end":{"line":83,"column":null}}],"line":83},"13":{"loc":{"start":{"line":84,"column":25},"end":{"line":89,"column":null}},"type":"cond-expr","locations":[{"start":{"line":85,"column":6},"end":{"line":88,"column":null}},{"start":{"line":89,"column":6},"end":{"line":89,"column":null}}],"line":84},"14":{"loc":{"start":{"line":86,"column":20},"end":{"line":86,"column":35}},"type":"binary-expr","locations":[{"start":{"line":86,"column":20},"end":{"line":86,"column":33}},{"start":{"line":86,"column":33},"end":{"line":86,"column":35}}],"line":86},"15":{"loc":{"start":{"line":87,"column":23},"end":{"line":87,"column":41}},"type":"binary-expr","locations":[{"start":{"line":87,"column":23},"end":{"line":87,"column":39}},{"start":{"line":87,"column":39},"end":{"line":87,"column":41}}],"line":87},"16":{"loc":{"start":{"line":92,"column":23},"end":{"line":92,"column":null}},"type":"cond-expr","locations":[{"start":{"line":92,"column":55},"end":{"line":92,"column":72}},{"start":{"line":92,"column":72},"end":{"line":92,"column":null}}],"line":92},"17":{"loc":{"start":{"line":94,"column":19},"end":{"line":94,"column":null}},"type":"cond-expr","locations":[{"start":{"line":94,"column":55},"end":{"line":94,"column":76}},{"start":{"line":94,"column":76},"end":{"line":94,"column":null}}],"line":94},"18":{"loc":{"start":{"line":94,"column":19},"end":{"line":94,"column":55}},"type":"binary-expr","locations":[{"start":{"line":94,"column":19},"end":{"line":94,"column":27}},{"start":{"line":94,"column":27},"end":{"line":94,"column":55}}],"line":94},"19":{"loc":{"start":{"line":94,"column":55},"end":{"line":94,"column":76}},"type":"binary-expr","locations":[{"start":{"line":94,"column":55},"end":{"line":94,"column":68}},{"start":{"line":94,"column":68},"end":{"line":94,"column":76}}],"line":94},"20":{"loc":{"start":{"line":96,"column":19},"end":{"line":96,"column":31}},"type":"binary-expr","locations":[{"start":{"line":96,"column":19},"end":{"line":96,"column":29}},{"start":{"line":96,"column":29},"end":{"line":96,"column":31}}],"line":96},"21":{"loc":{"start":{"line":102,"column":22},"end":{"line":102,"column":null}},"type":"cond-expr","locations":[{"start":{"line":102,"column":71},"end":{"line":102,"column":85}},{"start":{"line":102,"column":85},"end":{"line":102,"column":null}}],"line":102},"22":{"loc":{"start":{"line":102,"column":22},"end":{"line":102,"column":71}},"type":"binary-expr","locations":[{"start":{"line":102,"column":22},"end":{"line":102,"column":37}},{"start":{"line":102,"column":37},"end":{"line":102,"column":71}}],"line":102},"23":{"loc":{"start":{"line":104,"column":12},"end":{"line":104,"column":null}},"type":"cond-expr","locations":[{"start":{"line":104,"column":48},"end":{"line":104,"column":81}},{"start":{"line":104,"column":81},"end":{"line":104,"column":null}}],"line":104},"24":{"loc":{"start":{"line":105,"column":12},"end":{"line":105,"column":null}},"type":"cond-expr","locations":[{"start":{"line":105,"column":48},"end":{"line":105,"column":81}},{"start":{"line":105,"column":81},"end":{"line":105,"column":null}}],"line":105},"25":{"loc":{"start":{"line":106,"column":11},"end":{"line":106,"column":null}},"type":"cond-expr","locations":[{"start":{"line":106,"column":46},"end":{"line":106,"column":78}},{"start":{"line":106,"column":78},"end":{"line":106,"column":null}}],"line":106},"26":{"loc":{"start":{"line":110,"column":2},"end":{"line":119,"column":null}},"type":"if","locations":[{"start":{"line":110,"column":2},"end":{"line":119,"column":null}},{"start":{},"end":{}}],"line":110},"27":{"loc":{"start":{"line":111,"column":4},"end":{"line":116,"column":null}},"type":"binary-expr","locations":[{"start":{"line":111,"column":4},"end":{"line":111,"column":null}},{"start":{"line":112,"column":4},"end":{"line":112,"column":null}},{"start":{"line":113,"column":4},"end":{"line":113,"column":null}},{"start":{"line":114,"column":4},"end":{"line":114,"column":null}},{"start":{"line":115,"column":4},"end":{"line":115,"column":null}},{"start":{"line":116,"column":4},"end":{"line":116,"column":null}}],"line":111},"28":{"loc":{"start":{"line":133,"column":73},"end":{"line":133,"column":90}},"type":"default-arg","locations":[{"start":{"line":133,"column":83},"end":{"line":133,"column":90}}],"line":133},"29":{"loc":{"start":{"line":159,"column":4},"end":{"line":164,"column":null}},"type":"if","locations":[{"start":{"line":159,"column":4},"end":{"line":164,"column":null}},{"start":{},"end":{}}],"line":159},"30":{"loc":{"start":{"line":162,"column":8},"end":{"line":162,"column":null}},"type":"binary-expr","locations":[{"start":{"line":162,"column":8},"end":{"line":162,"column":37}},{"start":{"line":162,"column":37},"end":{"line":162,"column":null}}],"line":162},"31":{"loc":{"start":{"line":169,"column":4},"end":{"line":171,"column":null}},"type":"if","locations":[{"start":{"line":169,"column":4},"end":{"line":171,"column":null}},{"start":{},"end":{}}],"line":169},"32":{"loc":{"start":{"line":192,"column":2},"end":{"line":196,"column":null}},"type":"if","locations":[{"start":{"line":192,"column":2},"end":{"line":196,"column":null}},{"start":{},"end":{}}],"line":192},"33":{"loc":{"start":{"line":192,"column":6},"end":{"line":192,"column":72}},"type":"binary-expr","locations":[{"start":{"line":192,"column":6},"end":{"line":192,"column":25}},{"start":{"line":192,"column":25},"end":{"line":192,"column":72}}],"line":192},"34":{"loc":{"start":{"line":203,"column":4},"end":{"line":209,"column":null}},"type":"if","locations":[{"start":{"line":203,"column":4},"end":{"line":209,"column":null}},{"start":{},"end":{}}],"line":203},"35":{"loc":{"start":{"line":204,"column":6},"end":{"line":206,"column":null}},"type":"binary-expr","locations":[{"start":{"line":204,"column":6},"end":{"line":204,"column":null}},{"start":{"line":205,"column":6},"end":{"line":205,"column":null}},{"start":{"line":206,"column":6},"end":{"line":206,"column":null}}],"line":204}},"s":{"0":2,"1":2,"2":2,"3":1,"4":2,"5":6,"6":6,"7":2,"8":4,"9":1,"10":6,"11":3,"12":6,"13":4,"14":4,"15":4,"16":1,"17":4,"18":4,"19":4,"20":4,"21":4,"22":4,"23":4,"24":1,"25":3,"26":2,"27":2,"28":0,"29":2,"30":2,"31":2,"32":0,"33":0,"34":0,"35":2,"36":2,"37":2,"38":0,"39":2,"40":2,"41":2,"42":2,"43":1,"44":0,"45":1,"46":1,"47":1,"48":0,"49":1,"50":1,"51":0},"f":{"0":2,"1":2,"2":6,"3":4,"4":1,"5":4,"6":2,"7":0,"8":0,"9":1},"b":{"0":[2],"1":[0,2],"2":[0,2],"3":[0,2],"4":[0,2],"5":[0,2],"6":[0,2],"7":[1,1],"8":[2,4],"9":[1,3],"10":[3,3],"11":[4,0],"12":[4,0],"13":[4,0],"14":[1,0],"15":[1,0],"16":[4,0],"17":[2,2],"18":[4,4],"19":[2,0],"20":[4,0],"21":[3,1],"22":[4,3],"23":[3,1],"24":[3,1],"25":[3,1],"26":[1,3],"27":[4,1,1,1,1,1],"28":[2],"29":[0,2],"30":[0,0],"31":[0,2],"32":[0,1],"33":[1,1],"34":[0,1],"35":[1,1,1]},"meta":{"lastBranch":36,"lastFunction":10,"lastStatement":52,"seen":{"f:15:9:15:27":0,"s:16:2:16:Infinity":0,"f:30:9:30:25":1,"b:30:64:30:71":0,"s:31:15:42:Infinity":1,"b:37:42:37:50:37:50:37:Infinity":1,"b:38:36:38:44:38:44:38:Infinity":2,"b:39:28:39:36:39:36:39:Infinity":3,"b:40:41:40:49:40:49:40:Infinity":4,"b:41:26:41:34:41:34:41:Infinity":5,"b:42:47:42:55:42:55:42:Infinity":6,"b:46:2:48:Infinity:undefined:undefined:undefined:undefined":7,"s:46:2:48:Infinity":2,"s:47:4:47:Infinity":3,"s:50:2:50:Infinity":4,"f:59:16:59:32":2,"s:60:16:60:Infinity":5,"b:61:2:65:Infinity:63:9:65:Infinity":8,"s:61:2:65:Infinity":6,"s:62:4:62:Infinity":7,"b:63:9:65:Infinity:undefined:undefined:undefined:undefined":9,"s:63:9:65:Infinity":8,"s:64:4:64:Infinity":9,"b:66:2:68:Infinity:undefined:undefined:undefined:undefined":10,"s:66:2:68:Infinity":10,"s:67:4:67:Infinity":11,"s:69:2:69:Infinity":12,"f:79:16:79:29":3,"s:80:15:80:Infinity":13,"b:80:15:80:25:80:25:80:Infinity":11,"s:83:15:83:Infinity":14,"b:83:42:83:66:83:66:83:Infinity":12,"s:84:25:89:Infinity":15,"b:85:6:88:Infinity:89:6:89:Infinity":13,"f:85:26:85:31":4,"s:85:41:88:8":16,"b:86:20:86:33:86:33:86:35":14,"b:87:23:87:39:87:39:87:41":15,"s:92:23:92:Infinity":17,"b:92:55:92:72:92:72:92:Infinity":16,"s:93:20:99:Infinity":18,"f:93:33:93:38":5,"s:94:19:94:Infinity":19,"b:94:55:94:76:94:76:94:Infinity":17,"b:94:19:94:27:94:27:94:55":18,"b:94:55:94:68:94:68:94:76":19,"s:95:4:98:Infinity":20,"b:96:19:96:29:96:29:96:31":20,"s:102:22:102:Infinity":21,"b:102:71:102:85:102:85:102:Infinity":21,"b:102:22:102:37:102:37:102:71":22,"s:103:17:107:Infinity":22,"b:104:48:104:81:104:81:104:Infinity":23,"b:105:48:105:81:105:81:105:Infinity":24,"b:106:46:106:78:106:78:106:Infinity":25,"b:110:2:119:Infinity:undefined:undefined:undefined:undefined":26,"s:110:2:119:Infinity":23,"b:111:4:111:Infinity:112:4:112:Infinity:113:4:113:Infinity:114:4:114:Infinity:115:4:115:Infinity:116:4:116:Infinity":27,"s:118:4:118:Infinity":24,"s:121:2:121:Infinity":25,"f:133:15:133:30":6,"b:133:83:133:90":28,"s:134:21:134:Infinity":26,"s:135:20:135:Infinity":27,"f:135:20:135:37":7,"s:135:37:135:57":28,"s:137:2:178:Infinity":29,"s:138:21:157:Infinity":30,"b:159:4:164:Infinity:undefined:undefined:undefined:undefined":29,"s:159:4:164:Infinity":31,"s:160:24:160:Infinity":32,"f:160:46:160:59":8,"s:160:59:160:62":33,"s:161:6:163:Infinity":34,"b:162:8:162:37:162:37:162:Infinity":30,"s:166:17:166:Infinity":35,"s:167:20:167:Infinity":36,"b:169:4:171:Infinity:undefined:undefined:undefined:undefined":31,"s:169:4:171:Infinity":37,"s:170:6:170:Infinity":38,"s:173:24:173:Infinity":39,"s:174:19:174:Infinity":40,"s:175:4:175:Infinity":41,"s:177:4:177:Infinity":42,"f:191:22:191:42":9,"b:192:2:196:Infinity:undefined:undefined:undefined:undefined":32,"s:192:2:196:Infinity":43,"b:192:6:192:25:192:25:192:72":33,"s:193:4:195:Infinity":44,"s:198:2:218:Infinity":45,"s:200:4:200:Infinity":46,"b:203:4:209:Infinity:undefined:undefined:undefined:undefined":34,"s:203:4:209:Infinity":47,"b:204:6:204:Infinity:205:6:205:Infinity:206:6:206:Infinity":35,"s:208:6:208:Infinity":48,"s:212:4:217:Infinity":49,"s:213:6:213:Infinity":50,"s:216:6:216:Infinity":51},"fnNames":{}}}
,"/Users/sudeshnabhushan/monsoonmitra/src/services/weatherService.js": {"path":"/Users/sudeshnabhushan/monsoonmitra/src/services/weatherService.js","statementMap":{"0":{"start":{"line":22,"column":14},"end":{"line":22,"column":null}},"1":{"start":{"line":23,"column":19},"end":{"line":23,"column":null}},"2":{"start":{"line":25,"column":2},"end":{"line":27,"column":null}},"3":{"start":{"line":26,"column":4},"end":{"line":26,"column":null}},"4":{"start":{"line":29,"column":15},"end":{"line":29,"column":null}},"5":{"start":{"line":31,"column":2},"end":{"line":33,"column":null}},"6":{"start":{"line":32,"column":4},"end":{"line":32,"column":null}},"7":{"start":{"line":35,"column":17},"end":{"line":35,"column":null}},"8":{"start":{"line":36,"column":2},"end":{"line":41,"column":null}},"9":{"start":{"line":53,"column":17},"end":{"line":59,"column":null}},"10":{"start":{"line":61,"column":14},"end":{"line":61,"column":null}},"11":{"start":{"line":62,"column":19},"end":{"line":62,"column":null}},"12":{"start":{"line":64,"column":2},"end":{"line":66,"column":null}},"13":{"start":{"line":65,"column":4},"end":{"line":65,"column":null}},"14":{"start":{"line":68,"column":2},"end":{"line":68,"column":null}},"15":{"start":{"line":78,"column":21},"end":{"line":78,"column":null}},"16":{"start":{"line":79,"column":18},"end":{"line":79,"column":null}},"17":{"start":{"line":79,"column":62},"end":{"line":79,"column":80}},"18":{"start":{"line":81,"column":2},"end":{"line":87,"column":null}},"19":{"start":{"line":82,"column":4},"end":{"line":86,"column":null}},"20":{"start":{"line":89,"column":2},"end":{"line":95,"column":null}},"21":{"start":{"line":90,"column":4},"end":{"line":94,"column":null}},"22":{"start":{"line":97,"column":2},"end":{"line":101,"column":null}},"23":{"start":{"line":111,"column":21},"end":{"line":111,"column":null}},"24":{"start":{"line":112,"column":20},"end":{"line":112,"column":null}},"25":{"start":{"line":112,"column":37},"end":{"line":112,"column":57}},"26":{"start":{"line":114,"column":2},"end":{"line":127,"column":null}},"27":{"start":{"line":115,"column":21},"end":{"line":115,"column":null}},"28":{"start":{"line":116,"column":21},"end":{"line":116,"column":null}},"29":{"start":{"line":117,"column":18},"end":{"line":117,"column":null}},"30":{"start":{"line":119,"column":4},"end":{"line":119,"column":null}},"31":{"start":{"line":121,"column":4},"end":{"line":123,"column":null}},"32":{"start":{"line":122,"column":6},"end":{"line":122,"column":null}},"33":{"start":{"line":124,"column":4},"end":{"line":124,"column":null}},"34":{"start":{"line":126,"column":4},"end":{"line":126,"column":null}}},"fnMap":{"0":{"name":"geocodeCity","decl":{"start":{"line":21,"column":22},"end":{"line":21,"column":34}},"loc":{"start":{"line":21,"column":48},"end":{"line":42,"column":null}},"line":21},"1":{"name":"fetchForecast","decl":{"start":{"line":52,"column":22},"end":{"line":52,"column":36}},"loc":{"start":{"line":52,"column":65},"end":{"line":69,"column":null}},"line":52},"2":{"name":"computeAlertLevel","decl":{"start":{"line":77,"column":16},"end":{"line":77,"column":34}},"loc":{"start":{"line":77,"column":48},"end":{"line":102,"column":null}},"line":77},"3":{"name":"(anonymous_3)","decl":{"start":{"line":79,"column":41},"end":{"line":79,"column":49}},"loc":{"start":{"line":79,"column":62},"end":{"line":79,"column":80}},"line":79},"4":{"name":"getWeatherData","decl":{"start":{"line":110,"column":22},"end":{"line":110,"column":37}},"loc":{"start":{"line":110,"column":43},"end":{"line":128,"column":null}},"line":110},"5":{"name":"(anonymous_5)","decl":{"start":{"line":112,"column":20},"end":{"line":112,"column":37}},"loc":{"start":{"line":112,"column":37},"end":{"line":112,"column":57}},"line":112}},"branchMap":{"0":{"loc":{"start":{"line":25,"column":2},"end":{"line":27,"column":null}},"type":"if","locations":[{"start":{"line":25,"column":2},"end":{"line":27,"column":null}},{"start":{},"end":{}}],"line":25},"1":{"loc":{"start":{"line":31,"column":2},"end":{"line":33,"column":null}},"type":"if","locations":[{"start":{"line":31,"column":2},"end":{"line":33,"column":null}},{"start":{},"end":{}}],"line":31},"2":{"loc":{"start":{"line":31,"column":6},"end":{"line":31,"column":50}},"type":"binary-expr","locations":[{"start":{"line":31,"column":6},"end":{"line":31,"column":23}},{"start":{"line":31,"column":23},"end":{"line":31,"column":50}}],"line":31},"3":{"loc":{"start":{"line":64,"column":2},"end":{"line":66,"column":null}},"type":"if","locations":[{"start":{"line":64,"column":2},"end":{"line":66,"column":null}},{"start":{},"end":{}}],"line":64},"4":{"loc":{"start":{"line":78,"column":21},"end":{"line":78,"column":null}},"type":"binary-expr","locations":[{"start":{"line":78,"column":21},"end":{"line":78,"column":62}},{"start":{"line":78,"column":62},"end":{"line":78,"column":null}}],"line":78},"5":{"loc":{"start":{"line":79,"column":69},"end":{"line":79,"column":80}},"type":"binary-expr","locations":[{"start":{"line":79,"column":69},"end":{"line":79,"column":76}},{"start":{"line":79,"column":76},"end":{"line":79,"column":80}}],"line":79},"6":{"loc":{"start":{"line":81,"column":2},"end":{"line":87,"column":null}},"type":"if","locations":[{"start":{"line":81,"column":2},"end":{"line":87,"column":null}},{"start":{},"end":{}}],"line":81},"7":{"loc":{"start":{"line":89,"column":2},"end":{"line":95,"column":null}},"type":"if","locations":[{"start":{"line":89,"column":2},"end":{"line":95,"column":null}},{"start":{},"end":{}}],"line":89},"8":{"loc":{"start":{"line":121,"column":4},"end":{"line":123,"column":null}},"type":"if","locations":[{"start":{"line":121,"column":4},"end":{"line":123,"column":null}},{"start":{},"end":{}}],"line":121}},"s":{"0":0,"1":0,"2":0,"3":0,"4":0,"5":0,"6":0,"7":0,"8":0,"9":0,"10":0,"11":0,"12":0,"13":0,"14":0,"15":9,"16":9,"17":16,"18":9,"19":2,"20":7,"21":3,"22":4,"23":0,"24":0,"25":0,"26":0,"27":0,"28":0,"29":0,"30":0,"31":0,"32":0,"33":0,"34":0},"f":{"0":0,"1":0,"2":9,"3":16,"4":0,"5":0},"b":{"0":[0,0],"1":[0,0],"2":[0,0],"3":[0,0],"4":[9,0],"5":[16,3],"6":[2,7],"7":[3,4],"8":[0,0]},"meta":{"lastBranch":9,"lastFunction":6,"lastStatement":35,"seen":{"f:21:22:21:34":0,"s:22:14:22:Infinity":0,"s:23:19:23:Infinity":1,"b:25:2:27:Infinity:undefined:undefined:undefined:undefined":0,"s:25:2:27:Infinity":2,"s:26:4:26:Infinity":3,"s:29:15:29:Infinity":4,"b:31:2:33:Infinity:undefined:undefined:undefined:undefined":1,"s:31:2:33:Infinity":5,"b:31:6:31:23:31:23:31:50":2,"s:32:4:32:Infinity":6,"s:35:17:35:Infinity":7,"s:36:2:41:Infinity":8,"f:52:22:52:36":1,"s:53:17:59:Infinity":9,"s:61:14:61:Infinity":10,"s:62:19:62:Infinity":11,"b:64:2:66:Infinity:undefined:undefined:undefined:undefined":3,"s:64:2:66:Infinity":12,"s:65:4:65:Infinity":13,"s:68:2:68:Infinity":14,"f:77:16:77:34":2,"s:78:21:78:Infinity":15,"b:78:21:78:62:78:62:78:Infinity":4,"s:79:18:79:Infinity":16,"f:79:41:79:49":3,"s:79:62:79:80":17,"b:79:69:79:76:79:76:79:80":5,"b:81:2:87:Infinity:undefined:undefined:undefined:undefined":6,"s:81:2:87:Infinity":18,"s:82:4:86:Infinity":19,"b:89:2:95:Infinity:undefined:undefined:undefined:undefined":7,"s:89:2:95:Infinity":20,"s:90:4:94:Infinity":21,"s:97:2:101:Infinity":22,"f:110:22:110:37":4,"s:111:21:111:Infinity":23,"s:112:20:112:Infinity":24,"f:112:20:112:37":5,"s:112:37:112:57":25,"s:114:2:127:Infinity":26,"s:115:21:115:Infinity":27,"s:116:21:116:Infinity":28,"s:117:18:117:Infinity":29,"s:119:4:119:Infinity":30,"b:121:4:123:Infinity:undefined:undefined:undefined:undefined":8,"s:121:4:123:Infinity":31,"s:122:6:122:Infinity":32,"s:124:4:124:Infinity":33,"s:126:4:126:Infinity":34},"fnNames":{}}}
}
